<?xml version="1.0" encoding="UTF-8"?>
<!-- Generated by org.testng.reporters.JUnitReportReporter -->
<testsuite hostname="DESKTOP-E4SKN1R" name="com.jenkins.OpenBrowser" tests="1" failures="0" timestamp="24 Feb 2020 06:05:17 GMT" time="23.919" errors="0">
  <testcase name="LaunchBrowser" time="23.919" classname="com.jenkins.OpenBrowser"/>
</testsuite> <!-- com.jenkins.OpenBrowser -->
